<?xml version="1.0" encoding="UTF-8"?>
<!-- Generated by org.testng.reporters.JUnitReportReporter -->
<testsuite hostname="Nitins-MacBook-Air.local" failures="0" tests="1" name="DD_Tests.VerifygoogleProductAss8" time="15.221" errors="0" timestamp="2021-10-27T23:33:20 IST" skipped="0">
  <testcase classname="DD_Tests.VerifygoogleProductAss8" name="googleProductsVerify" time="15.221"/>
  <system-out/>
</testsuite> <!-- DD_Tests.VerifygoogleProductAss8 -->
