<?xml version="1.0" encoding="UTF-8"?>
<!-- Generated by org.testng.reporters.JUnitReportReporter -->
<testsuite hostname="Mithuns-MacBook-Pro.local" failures="0" tests="2" name="DD_Tests.GoogleproductsTest" time="19.687" errors="0" timestamp="2021-09-19T13:57:22 IST" skipped="0">
  <testcase classname="DD_Tests.GoogleproductsTest" name="googleProductsVerify" time="15.281"/>
  <system-out/>
  <testcase classname="DD_Tests.GoogleproductsTest" name="openANDclosebrowser" time="4.406"/>
  <system-out/>
</testsuite> <!-- DD_Tests.GoogleproductsTest -->
