<?xml version="1.0" encoding="UTF-8"?>
<!-- Generated by org.testng.reporters.JUnitReportReporter -->
<testsuite hostname="Mithuns-MacBook-Pro.local" failures="0" tests="2" name="DD_Tests.LangClicksAss5" time="9.433" errors="0" timestamp="2021-09-20T14:59:36 IST" skipped="0">
  <testcase classname="DD_Tests.LangClicksAss5" name="openANDclosebrowser" time="1.864"/>
  <system-out/>
  <testcase classname="DD_Tests.LangClicksAss5" name="googleLangsClicking" time="7.569"/>
  <system-out/>
</testsuite> <!-- DD_Tests.LangClicksAss5 -->
