<?xml version="1.0" encoding="UTF-8"?>
<!-- Generated by org.testng.reporters.JUnitReportReporter -->
<testsuite hostname="Mithuns-MacBook-Pro.local" failures="0" tests="4" name="DD_Tests.GoogleTestScript" time="15.138" errors="0" timestamp="2021-09-19T13:57:22 IST" skipped="0">
  <testcase classname="DD_Tests.GoogleTestScript" name="facebooklogintest" time="4.061"/>
  <system-out/>
  <testcase classname="DD_Tests.GoogleTestScript" name="facebooklogintest" time="3.523"/>
  <system-out/>
  <testcase classname="DD_Tests.GoogleTestScript" name="facebooklogintest" time="3.627"/>
  <system-out/>
  <testcase classname="DD_Tests.GoogleTestScript" name="facebooklogintest" time="3.927"/>
  <system-out/>
</testsuite> <!-- DD_Tests.GoogleTestScript -->
