<?xml version="1.0" encoding="UTF-8"?>
<!-- Generated by org.testng.reporters.JUnitReportReporter -->
<testsuite hostname="Nitins-MacBook-Air.local" failures="0" tests="1" name="DD_Tests.Ass9gmail_Login" time="19.814" errors="0" timestamp="2021-10-28T23:12:36 IST" skipped="0">
  <testcase classname="DD_Tests.Ass9gmail_Login" name="login" time="19.814"/>
  <system-out/>
</testsuite> <!-- DD_Tests.Ass9gmail_Login -->
