<?xml version="1.0" encoding="UTF-8"?>
<!-- Generated by org.testng.reporters.JUnitReportReporter -->
<testsuite hostname="Mithuns-MacBook-Pro.local" failures="0" tests="1" name="DD_Tests.gmail_Login" time="21.269" errors="0" timestamp="2021-09-29T12:31:48 IST" skipped="0">
  <testcase classname="DD_Tests.gmail_Login" name="login" time="21.269"/>
  <system-out/>
</testsuite> <!-- DD_Tests.gmail_Login -->
